<?xml version="1.0" encoding="UTF-8"?>
<!-- Generated by org.testng.reporters.JUnitReportReporter -->
<testsuite hostname="DESKTOP-I0C21EG" failures="0" tests="1" name="in.amazon.testscripts.BuyMobilePhoneTest" time="19.920" errors="0" timestamp="18 Jul 2023 04:17:05 GMT" skipped="0">
  <testcase classname="in.amazon.testscripts.BuyMobilePhoneTest" name="buyMobile" time="19.920"/>
</testsuite> <!-- in.amazon.testscripts.BuyMobilePhoneTest -->
