<?xml version="1.0" encoding="UTF-8"?>
<!-- Generated by org.testng.reporters.JUnitReportReporter -->
<testsuite hostname="DESKTOP-I0C21EG" failures="0" tests="1" name="in.amazon.testscripts.DDF" time="5.198" errors="0" timestamp="19 Jul 2023 03:26:36 GMT" skipped="0">
  <testcase classname="in.amazon.testscripts.DDF" name="verifyErrorMsg" time="5.198"/>
</testsuite> <!-- in.amazon.testscripts.DDF -->
