<?xml version="1.0" encoding="UTF-8"?>
<!-- Generated by org.testng.reporters.JUnitReportReporter -->
<testsuite hostname="DESKTOP-I0C21EG" failures="0" tests="1" name="in.amazon.testscripts.VerifyErrorMsgTest" time="1.716" errors="0" timestamp="18 Jul 2023 06:04:01 GMT" skipped="0">
  <testcase classname="in.amazon.testscripts.VerifyErrorMsgTest" name="verifyErrorMsg" time="1.716"/>
</testsuite> <!-- in.amazon.testscripts.VerifyErrorMsgTest -->
